<?xml version="1.0" encoding="UTF-8"?>
<!-- Generated by org.testng.reporters.JUnitReportReporter -->
<testsuite hostname="DESKTOP-O3DMT29" failures="0" tests="4" name="selenium_project.tests.PopularTest" time="83.508" errors="0" timestamp="2022-08-25T20:57:43 EDT" skipped="0">
  <testcase classname="selenium_project.tests.PopularTest" name="addToCartFromProductPage" time="20.081"/>
  <system-out/>
  <testcase classname="selenium_project.tests.PopularTest" name="addToCartFromPopularPage" time="18.240"/>
  <system-out/>
  <testcase classname="selenium_project.tests.PopularTest" name="addToCartFromMore" time="32.258"/>
  <system-out/>
  <testcase classname="selenium_project.tests.PopularTest" name="selectPopular" time="12.929"/>
  <system-out/>
</testsuite> <!-- selenium_project.tests.PopularTest -->
